2025-06-27 13:36:51,768 - INFO - 开始更换壁纸...
2025-06-27 13:36:51,768 - INFO - 尝试获取NASA图片...
2025-06-27 13:36:53,683 - INFO - 正在下载图片: https://www.youtube.com/embed/uj3Lq7Gu94Y?rel=0
2025-06-27 13:36:54,372 - INFO - 图片已保存到: wallpapers\nasa_Jupiter Diving_20250627_133653.jpg
2025-06-27 13:36:54,663 - INFO - 壁纸设置成功: D:\py\AutoWallpaper\wallpapers\nasa_Jupiter Diving_20250627_133653.jpg
2025-06-27 13:36:54,663 - INFO - 壁纸更换成功！
2025-06-27 13:41:38,307 - INFO - 开始更换壁纸...
2025-06-27 13:41:38,307 - INFO - 尝试获取Unsplash风景图...
2025-06-27 13:41:38,307 - INFO - 正在下载图片: https://source.unsplash.com/1920x1080/?ocean
2025-06-27 13:41:39,871 - ERROR - 下载图片失败: 503 Server Error: Service Unavailable for url: https://source.unsplash.com/1920x1080/?ocean
2025-06-27 13:41:39,872 - INFO - 尝试获取随机风景图...
2025-06-27 13:41:39,872 - INFO - 正在下载图片: https://picsum.photos/1920/1080?random=107
2025-06-27 13:41:42,355 - INFO - 图片已保存到: wallpapers\random_landscape_20250627_134139.jpg
2025-06-27 13:41:42,597 - INFO - 壁纸设置成功: D:\py\AutoWallpaper\wallpapers\random_landscape_20250627_134139.jpg
2025-06-27 13:41:42,597 - INFO - 壁纸更换成功！
2025-06-27 13:41:53,038 - INFO - 开始更换壁纸...
2025-06-27 13:41:53,038 - INFO - 尝试获取Unsplash风景图...
2025-06-27 13:41:53,039 - INFO - 正在下载图片: https://source.unsplash.com/1920x1080/?landscape
2025-06-27 13:41:54,109 - ERROR - 下载图片失败: 503 Server Error: Service Unavailable for url: https://source.unsplash.com/1920x1080/?landscape
2025-06-27 13:41:54,109 - INFO - 尝试获取随机风景图...
2025-06-27 13:41:54,110 - INFO - 正在下载图片: https://picsum.photos/1920/1080?random=992
2025-06-27 13:41:56,231 - INFO - 图片已保存到: wallpapers\random_landscape_20250627_134154.jpg
2025-06-27 13:41:56,432 - INFO - 壁纸设置成功: D:\py\AutoWallpaper\wallpapers\random_landscape_20250627_134154.jpg
2025-06-27 13:41:56,432 - INFO - 壁纸更换成功！
2025-06-27 13:44:42,493 - INFO - 开始更换NASA壁纸...
2025-06-27 13:44:42,493 - INFO - 获取今日NASA图片...
2025-06-27 13:44:44,410 - INFO - 正在下载图片: https://apod.nasa.gov/apod/image/2506/M109_Robert_Eder.jpg
2025-06-27 13:44:50,021 - INFO - 图片已保存到: wallpapers\nasa_Messier 109_2025-06-27_134444.jpg
2025-06-27 13:44:50,226 - INFO - 壁纸设置成功: D:\py\AutoWallpaper\wallpapers\nasa_Messier 109_2025-06-27_134444.jpg
2025-06-27 13:44:50,226 - INFO - NASA壁纸更换成功！
2025-06-27 13:49:12,784 - INFO - 开始更换NASA壁纸...
2025-06-27 13:49:12,784 - INFO - 获取今日NASA图片...
2025-06-27 13:49:14,830 - INFO - 正在下载图片: https://apod.nasa.gov/apod/image/2506/M109_Robert_Eder.jpg
2025-06-27 13:49:24,287 - INFO - 图片已保存到: wallpapers\nasa_Messier 109_2025-06-27_134914.jpg
2025-06-27 13:49:24,512 - INFO - 壁纸设置成功: D:\py\AutoWallpaper\wallpapers\nasa_Messier 109_2025-06-27_134914.jpg
2025-06-27 13:49:24,512 - INFO - NASA壁纸更换成功！
